build/app/outputs/mapping/release/mapping.txt
# compiler: R8
# compiler_version: 1.5.64
# min_api: 16
# pg_map_id: a0a6e60
...
com.google.android.gms.auth.api.signin.GoogleSignInAccount -> com.google.android.gms.auth.api.signin.GoogleSignInAccount:
    java.lang.String zaj -> g
    android.net.Uri zai -> f
    java.lang.String zal -> i
    java.lang.String zan -> k
    long zak -> h
    java.lang.String zao -> l
    int versionCode -> a
    com.google.android.gms.common.util.Clock zae -> n
    java.util.List zam -> j
    java.lang.String zaf -> c
    java.lang.String mId -> b
    java.lang.String zah -> e
    java.util.Set zap -> m
    java.lang.String zag -> d
    com.google.android.gms.auth.api.signin.GoogleSignInAccount zaa(java.lang.String) -> a
    com.google.android.gms.auth.api.signin.GoogleSignInAccount zaa(java.lang.String,java.lang.String,java.lang.String,java.lang.String,java.lang.String,java.lang.String,android.net.Uri,java.lang.Long,java.lang.String,java.util.Set) -> a
    android.accounts.Account getAccount() -> b
    java.lang.String getDisplayName() -> c
    java.lang.String getEmail() -> d
    java.lang.String getFamilyName() -> e
    java.lang.String getGivenName() -> f
    java.lang.String getId() -> g
    java.lang.String getIdToken() -> h
    android.net.Uri getPhotoUrl() -> i
    java.util.Set getRequestedScopes() -> j
    java.lang.String getServerAuthCode() -> k
com.google.android.gms.auth.api.signin.internal.Storage -> com.google.android.gms.auth.api.signin.a.a:
    android.content.SharedPreferences zaam -> b
    com.google.android.gms.auth.api.signin.internal.Storage zaak -> d
    java.util.concurrent.locks.Lock zaal -> a
    java.util.concurrent.locks.Lock zaaj -> c
    com.google.android.gms.auth.api.signin.internal.Storage getInstance(android.content.Context) -> a
    com.google.android.gms.auth.api.signin.GoogleSignInAccount getSavedDefaultGoogleSignInAccount() -> a
    java.lang.String zab(java.lang.String,java.lang.String) -> a
    com.google.android.gms.auth.api.signin.GoogleSignInAccount zad(java.lang.String) -> a
    java.lang.String zaf(java.lang.String) -> b
com.google.android.gms.auth.api.signin.zab -> com.google.android.gms.auth.api.signin.b:
com.google.android.gms.base.R$drawable -> b.b.a.a.a.a:
com.google.android.gms.base.R$string -> b.b.a.a.a.b:
com.google.android.gms.common.ConnectionResult -> b.b.a.a.b.a:
    com.google.android.gms.common.ConnectionResult RESULT_SUCCESS -> e
    android.app.PendingIntent zzi -> c
    int zzh -> b
    int zzg -> a
    java.lang.String zzj -> d
    java.lang.String zza(int) -> a
    int getErrorCode() -> b
    java.lang.String getErrorMessage() -> c
    android.app.PendingIntent getResolution() -> d
    boolean hasResolution() -> e
    boolean isSuccess() -> f
com.google.android.gms.common.ErrorDialogFragment -> b.b.a.a.b.b:
    android.content.DialogInterface$OnCancelListener zaan -> b
    android.app.Dialog mDialog -> a
    com.google.android.gms.common.ErrorDialogFragment newInstance(android.app.Dialog,android.content.DialogInterface$OnCancelListener) -> a
com.google.android.gms.common.Feature -> b.b.a.a.b.c:
    java.lang.String name -> a
    long zzl -> c
    int zzk -> b
    java.lang.String getName() -> b
    long getVersion() -> c